TN:
SF:C:\Users\basbr\Google Drive\School\Udacity\projects\evaluate-news-nlp\src\client\js\formHandler.js
FN:5,(anonymous_0)
FN:10,(anonymous_1)
FN:20,(anonymous_2)
FN:27,(anonymous_3)
FNF:4
FNH:3
FNDA:1,(anonymous_0)
FNDA:0,(anonymous_1)
FNDA:1,(anonymous_2)
FNDA:1,(anonymous_3)
DA:5,1
DA:6,1
DA:7,0
DA:10,1
DA:11,0
DA:12,0
DA:13,0
DA:15,0
DA:18,1
DA:21,1
DA:25,1
DA:26,1
DA:28,1
LF:13
LH:8
BRDA:6,0,0,0
BRDA:6,0,1,1
BRDA:10,1,0,1
BRF:3
BRH:2
end_of_record
TN:
SF:C:\Users\basbr\Google Drive\School\Udacity\projects\evaluate-news-nlp\src\client\js\getAPIdata.js
FN:1,(anonymous_0)
FNF:1
FNH:1
FNDA:2,(anonymous_0)
DA:1,2
DA:2,2
DA:10,0
DA:11,0
DA:13,0
DA:14,0
DA:16,0
LF:7
LH:2
BRDA:1,0,0,2
BRF:1
BRH:1
end_of_record
TN:
SF:C:\Users\basbr\Google Drive\School\Udacity\projects\evaluate-news-nlp\src\client\js\nameChecker.js
FN:1,checkForName
FNF:1
FNH:1
FNDA:1,checkForName
DA:2,1
DA:3,1
DA:11,1
DA:12,0
LF:4
LH:3
BRDA:11,0,0,0
BRDA:11,0,1,1
BRF:2
BRH:1
end_of_record
